# JRE version: Java(TM) SE Runtime Environment (17.0.6+9) (build 17.0.6+9-LTS-190)
# Java VM: Java HotSpot(TM) 64-Bit Server VM (17.0.6+9-LTS-190, mixed mode, emulated-client, sharing, tiered, compressed oops, compressed class ptrs, g1 gc, windows-amd64)
GC Precious Log:
 CPUs: 4 total, 4 available
 Memory: 8076M
 Large Page Support: Disabled
 NUMA Support: Disabled
 Compressed Oops: Enabled (32-bit)
 Heap Region Size: 1M
 Heap Min Capacity: 8M
 Heap Initial Capacity: 128M
 Heap Max Capacity: 2020M
 Pre-touch: Disabled
 Parallel Workers: 4
 Concurrent Workers: 1
 Concurrent Refinement Workers: 4
 Periodic GC: Disabled
Heap:
 garbage-first heap   total 364544K, used 147968K [0x0000000081c00000, 0x0000000100000000)
  region size 1024K, 13 young (13312K), 13 survivors (13312K)
 Metaspace       used 59191K, committed 59840K, reserved 1105920K
  class space    used 8244K, committed 8576K, reserved 1048576K
GC Heap History (20 events):
Event: 3.457 GC heap after
{Heap after GC invocations=9 (full 0):
 garbage-first heap   total 364544K, used 81344K [0x0000000081c00000, 0x0000000100000000)
  region size 1024K, 9 young (9216K), 9 survivors (9216K)
 Metaspace       used 19915K, committed 20288K, reserved 1073152K
  class space    used 2667K, committed 2816K, reserved 1048576K
}
Event: 3.667 GC heap before
{Heap before GC invocations=9 (full 0):
 garbage-first heap   total 364544K, used 108992K [0x0000000081c00000, 0x0000000100000000)
  region size 1024K, 38 young (38912K), 9 survivors (9216K)
 Metaspace       used 21196K, committed 21504K, reserved 1073152K
  class space    used 2847K, committed 3008K, reserved 1048576K
}
Event: 3.683 GC heap after
{Heap after GC invocations=10 (full 0):
 garbage-first heap   total 364544K, used 83410K [0x0000000081c00000, 0x0000000100000000)
  region size 1024K, 11 young (11264K), 11 survivors (11264K)
 Metaspace       used 21196K, committed 21504K, reserved 1073152K
  class space    used 2847K, committed 3008K, reserved 1048576K
}
Event: 5.397 GC heap before
{Heap before GC invocations=11 (full 0):
 garbage-first heap   total 324608K, used 278994K [0x0000000081c00000, 0x0000000100000000)
  region size 1024K, 205 young (209920K), 11 survivors (11264K)
 Metaspace       used 33144K, committed 33536K, reserved 1081344K
  class space    used 4791K, committed 4992K, reserved 1048576K
}
Event: 5.422 GC heap after
{Heap after GC invocations=12 (full 0):
 garbage-first heap   total 324608K, used 92088K [0x0000000081c00000, 0x0000000100000000)
  region size 1024K, 22 young (22528K), 22 survivors (22528K)
 Metaspace       used 33144K, committed 33536K, reserved 1081344K
  class space    used 4791K, committed 4992K, reserved 1048576K
}
Event: 5.441 GC heap before
{Heap before GC invocations=12 (full 0):
 garbage-first heap   total 324608K, used 92088K [0x0000000081c00000, 0x0000000100000000)
  region size 1024K, 23 young (23552K), 22 survivors (22528K)
 Metaspace       used 33208K, committed 33664K, reserved 1081344K
  class space    used 4799K, committed 5056K, reserved 1048576K
}
Event: 5.471 GC heap after
{Heap after GC invocations=13 (full 0):
 garbage-first heap   total 324608K, used 90239K [0x0000000081c00000, 0x0000000100000000)
  region size 1024K, 2 young (2048K), 2 survivors (2048K)
 Metaspace       used 33208K, committed 33664K, reserved 1081344K
  class space    used 4799K, committed 5056K, reserved 1048576K
}
Event: 5.812 GC heap before
{Heap before GC invocations=13 (full 0):
 garbage-first heap   total 324608K, used 117887K [0x0000000081c00000, 0x0000000100000000)
  region size 1024K, 29 young (29696K), 2 survivors (2048K)
 Metaspace       used 37561K, committed 38016K, reserved 1081344K
  class space    used 5339K, committed 5568K, reserved 1048576K
}
Event: 5.824 GC heap after
{Heap after GC invocations=14 (full 0):
 garbage-first heap   total 324608K, used 98383K [0x0000000081c00000, 0x0000000100000000)
  region size 1024K, 8 young (8192K), 8 survivors (8192K)
 Metaspace       used 37561K, committed 38016K, reserved 1081344K
  class space    used 5339K, committed 5568K, reserved 1048576K
}
Event: 339.872 GC heap before
{Heap before GC invocations=15 (full 0):
 garbage-first heap   total 324608K, used 195663K [0x0000000081c00000, 0x0000000100000000)
  region size 1024K, 106 young (108544K), 8 survivors (8192K)
 Metaspace       used 56925K, committed 57408K, reserved 1105920K
  class space    used 7974K, committed 8192K, reserved 1048576K
}
Event: 339.884 GC heap after
{Heap after GC invocations=16 (full 0):
 garbage-first heap   total 324608K, used 97278K [0x0000000081c00000, 0x0000000100000000)
  region size 1024K, 5 young (5120K), 5 survivors (5120K)
 Metaspace       used 56925K, committed 57408K, reserved 1105920K
  class space    used 7974K, committed 8192K, reserved 1048576K
}
Event: 340.148 GC heap before
{Heap before GC invocations=16 (full 0):
 garbage-first heap   total 324608K, used 106494K [0x0000000081c00000, 0x0000000100000000)
  region size 1024K, 15 young (15360K), 5 survivors (5120K)
 Metaspace       used 58979K, committed 59520K, reserved 1105920K
  class space    used 8235K, committed 8512K, reserved 1048576K
}
Event: 340.161 GC heap after
{Heap after GC invocations=17 (full 0):
 garbage-first heap   total 324608K, used 96169K [0x0000000081c00000, 0x0000000100000000)
  region size 1024K, 2 young (2048K), 2 survivors (2048K)
 Metaspace       used 58979K, committed 59520K, reserved 1105920K
  class space    used 8235K, committed 8512K, reserved 1048576K
}
Event: 340.965 GC heap before
{Heap before GC invocations=17 (full 0):
 garbage-first heap   total 324608K, used 207785K [0x0000000081c00000, 0x0000000100000000)
  region size 1024K, 111 young (113664K), 2 survivors (2048K)
 Metaspace       used 59291K, committed 59840K, reserved 1105920K
  class space    used 8274K, committed 8576K, reserved 1048576K
}
Event: 340.989 GC heap after
{Heap after GC invocations=18 (full 0):
 garbage-first heap   total 324608K, used 115072K [0x0000000081c00000, 0x0000000100000000)
  region size 1024K, 14 young (14336K), 14 survivors (14336K)
 Metaspace       used 59291K, committed 59840K, reserved 1105920K
  class space    used 8274K, committed 8576K, reserved 1048576K
}
Event: 341.833 GC heap before
{Heap before GC invocations=19 (full 0):
 garbage-first heap   total 324608K, used 225664K [0x0000000081c00000, 0x0000000100000000)
  region size 1024K, 116 young (118784K), 14 survivors (14336K)
 Metaspace       used 59188K, committed 59840K, reserved 1105920K
  class space    used 8244K, committed 8576K, reserved 1048576K
}
Event: 341.868 GC heap after
{Heap after GC invocations=20 (full 0):
 garbage-first heap   total 324608K, used 137138K [0x0000000081c00000, 0x0000000100000000)
  region size 1024K, 15 young (15360K), 15 survivors (15360K)
 Metaspace       used 59188K, committed 59840K, reserved 1105920K
  class space    used 8244K, committed 8576K, reserved 1048576K
}
Event: 341.873 GC heap before
{Heap before GC invocations=20 (full 0):
 garbage-first heap   total 324608K, used 138162K [0x0000000081c00000, 0x0000000100000000)
  region size 1024K, 16 young (16384K), 15 survivors (15360K)
 Metaspace       used 59188K, committed 59840K, reserved 1105920K
  class space    used 8244K, committed 8576K, reserved 1048576K
}
Event: 341.892 GC heap after
{Heap after GC invocations=21 (full 0):
 garbage-first heap   total 324608K, used 130560K [0x0000000081c00000, 0x0000000100000000)
  region size 1024K, 2 young (2048K), 2 survivors (2048K)
 Metaspace       used 59188K, committed 59840K, reserved 1105920K
  class space    used 8244K, committed 8576K, reserved 1048576K
}
Event: 342.288 GC heap before
{Heap before GC invocations=21 (full 0):
 garbage-first heap   total 324608K, used 228864K [0x0000000081c00000, 0x0000000100000000)
  region size 1024K, 98 young (100352K), 2 survivors (2048K)
 Metaspace       used 59191K, committed 59840K, reserved 1105920K
  class space    used 8244K, committed 8576K, reserved 1048576K
}

